Command line invocation:
    /Applications/Xcode_16.4.app/Contents/Developer/usr/bin/xcodebuild -showdestinations -project ReadLater.xcodeproj -scheme ReadLater



	Available destinations for the "ReadLater" scheme:
		{ platform:macOS, arch:arm64, variant:Designed for [iPad,iPhone], id:cadd860f3cedf50e6a56812fd50d782b74f43a8d, name:My Mac }
		{ platform:iOS, id:dvtdevice-DVTiPhonePlaceholder-iphoneos:placeholder, name:Any iOS Device }
		{ platform:iOS Simulator, id:dvtdevice-DVTiOSDeviceSimulatorPlaceholder-iphonesimulator:placeholder, name:Any iOS Simulator Device }
		{ platform:visionOS Simulator, arch:arm64, variant:Designed for [iPad,iPhone], id:0EAC1480-BFFC-4BD5-98E3-F58546FEBCB6, OS:2.3, name:Apple Vision Pro }
		{ platform:visionOS Simulator, arch:arm64, variant:Designed for [iPad,iPhone], id:8B6E4E2E-FC74-4489-BE83-97AE47E2DA05, OS:2.4, name:Apple Vision Pro }
		{ platform:visionOS Simulator, arch:arm64, variant:Designed for [iPad,iPhone], id:0B9E7FDF-03C5-4EC8-B767-FDD31924EA42, OS:2.5, name:Apple Vision Pro }
		{ platform:visionOS Simulator, arch:arm64, variant:Designed for [iPad,iPhone], id:A6B709B1-5A93-4964-8836-121668E11390, OS:26.1, name:Apple Vision Pro }
		{ platform:visionOS Simulator, arch:arm64, variant:Designed for [iPad,iPhone], id:BBB89DA2-6411-4DF0-8C3B-C1ABE2728513, OS:26.2, name:Apple Vision Pro }
		{ platform:iOS Simulator, arch:arm64, id:98A59DFB-E203-4649-BF23-6465B404777E, OS:18.5, name:iPad (10th generation) }
		{ platform:iOS Simulator, arch:arm64, id:DD6FA173-E5EC-4591-91FA-8040AFA8A644, OS:18.6, name:iPad (10th generation) }
		{ platform:iOS Simulator, arch:arm64, id:2D97D04E-88E7-4F99-8F13-61CB19FAB9DA, OS:26.0.1, name:iPad (10th generation) }
		{ platform:iOS Simulator, arch:arm64, id:96F27664-07CE-424A-9D04-B60B7FCD8C7A, OS:26.1, name:iPad (10th generation) }
		{ platform:iOS Simulator, arch:arm64, id:7AC9DB90-50EE-41C4-88C4-184AC5C09E9A, OS:26.2, name:iPad (10th generation) }
		{ platform:iOS Simulator, arch:arm64, id:4B119DB9-FB52-4E5D-867B-D6E7CF92F281, OS:18.5, name:iPad (A16) }
		{ platform:iOS Simulator, arch:arm64, id:227F1222-1873-4AAB-AB66-783816BC2639, OS:18.6, name:iPad (A16) }
		{ platform:iOS Simulator, arch:arm64, id:910CE1F9-A59E-4D18-B852-1C42B9821527, OS:26.0.1, name:iPad (A16) }
		{ platform:iOS Simulator, arch:arm64, id:8AE6040B-3824-426B-882C-8A67232EC815, OS:26.1, name:iPad (A16) }
		{ platform:iOS Simulator, arch:arm64, id:C75FC904-38D0-4428-B67E-D8E12E24487A, OS:26.2, name:iPad (A16) }
		{ platform:iOS Simulator, arch:arm64, id:2AB2CF0A-607C-4B8D-B3AA-434A977141BE, OS:18.5, name:iPad Air 11-inch (M2) }
		{ platform:iOS Simulator, arch:arm64, id:FFA952B5-4406-44AD-9F38-2FDBC6CD3FB0, OS:18.6, name:iPad Air 11-inch (M2) }
		{ platform:iOS Simulator, arch:arm64, id:F62788C8-387A-4F32-BACD-39FC46B83AD9, OS:26.0.1, name:iPad Air 11-inch (M2) }
		{ platform:iOS Simulator, arch:arm64, id:AFA018C0-754A-4B7E-AE63-338498AA4393, OS:26.1, name:iPad Air 11-inch (M2) }
		{ platform:iOS Simulator, arch:arm64, id:D9849F3B-BA09-46EE-BABA-7895168D8B88, OS:26.2, name:iPad Air 11-inch (M2) }
		{ platform:iOS Simulator, arch:arm64, id:69C76EBD-409D-4593-BF48-22419143B8CF, OS:18.5, name:iPad Air 11-inch (M3) }
		{ platform:iOS Simulator, arch:arm64, id:95B28533-453C-44F5-AF32-A7D5B69377B2, OS:18.6, name:iPad Air 11-inch (M3) }
		{ platform:iOS Simulator, arch:arm64, id:2C411895-6D01-4A4A-871C-F796AF53D2FB, OS:26.0.1, name:iPad Air 11-inch (M3) }
		{ platform:iOS Simulator, arch:arm64, id:2DB71303-4659-404D-A4F2-0DD1247FCDB8, OS:26.1, name:iPad Air 11-inch (M3) }
		{ platform:iOS Simulator, arch:arm64, id:16B28D47-A3FE-49CF-957F-4850AF9650FC, OS:26.2, name:iPad Air 11-inch (M3) }
		{ platform:iOS Simulator, arch:arm64, id:626814C4-2DFD-468E-89E1-AC7675C2CC69, OS:18.5, name:iPad Air 13-inch (M2) }
		{ platform:iOS Simulator, arch:arm64, id:718A8021-E0A6-421F-856A-661F4C239BB1, OS:18.6, name:iPad Air 13-inch (M2) }
		{ platform:iOS Simulator, arch:arm64, id:B8EA4975-B4E6-4E86-9BF4-31F0C083E330, OS:26.0.1, name:iPad Air 13-inch (M2) }
		{ platform:iOS Simulator, arch:arm64, id:F0725D4A-E690-4BCC-AE34-3FC10727B978, OS:26.1, name:iPad Air 13-inch (M2) }
		{ platform:iOS Simulator, arch:arm64, id:7FD37D3D-65FF-43A8-B021-8466FF14F941, OS:26.2, name:iPad Air 13-inch (M2) }
		{ platform:iOS Simulator, arch:arm64, id:DEDA176E-A385-4435-8A5B-45AE8C24E3D2, OS:18.5, name:iPad Air 13-inch (M3) }
		{ platform:iOS Simulator, arch:arm64, id:1962BF84-AB99-4083-ABA7-F56AF4DFD704, OS:18.6, name:iPad Air 13-inch (M3) }
		{ platform:iOS Simulator, arch:arm64, id:AD50E55F-27CC-45C4-A5AF-B03C43226376, OS:26.0.1, name:iPad Air 13-inch (M3) }
		{ platform:iOS Simulator, arch:arm64, id:F9EEFBF3-D35A-4020-9048-2F5C94DE8A15, OS:26.1, name:iPad Air 13-inch (M3) }
		{ platform:iOS Simulator, arch:arm64, id:545A1C8D-4A14-498F-BD3C-50C11B2DCB97, OS:26.2, name:iPad Air 13-inch (M3) }
		{ platform:iOS Simulator, arch:arm64, id:4D7BD842-B103-4BB6-8B5A-7F958ED5BF14, OS:18.5, name:iPad Pro 11-inch (M4) }
		{ platform:iOS Simulator, arch:arm64, id:3154439F-1E88-4743-BC60-6E629D89A32C, OS:18.6, name:iPad Pro 11-inch (M4) }
		{ platform:iOS Simulator, arch:arm64, id:58E21CD5-8DF7-40E9-BE11-A8D14614FAED, OS:26.0.1, name:iPad Pro 11-inch (M4) }
		{ platform:iOS Simulator, arch:arm64, id:2D74CDBA-01BE-46CA-A011-7983AB9B827A, OS:26.1, name:iPad Pro 11-inch (M4) }
		{ platform:iOS Simulator, arch:arm64, id:10BB2F9D-48A7-466F-BFC7-BE8AD222379F, OS:26.2, name:iPad Pro 11-inch (M4) }
		{ platform:iOS Simulator, arch:arm64, id:8F57604E-0B10-455F-A639-C659CEDBF66B, OS:26.0.1, name:iPad Pro 11-inch (M5) }
		{ platform:iOS Simulator, arch:arm64, id:DF0FC948-EF58-4903-A431-2D66F5BD8E5F, OS:26.1, name:iPad Pro 11-inch (M5) }
		{ platform:iOS Simulator, arch:arm64, id:7513ECA6-7FD6-4F7E-BA9F-9D832C17AE88, OS:26.2, name:iPad Pro 11-inch (M5) }
		{ platform:iOS Simulator, arch:arm64, id:7A7569D4-5E48-407C-8086-EF9D2C3D6D22, OS:18.5, name:iPad Pro 13-inch (M4) }
		{ platform:iOS Simulator, arch:arm64, id:11EC70C1-9743-47CF-826F-1F68F4D8350D, OS:18.6, name:iPad Pro 13-inch (M4) }
		{ platform:iOS Simulator, arch:arm64, id:2000F663-88D8-4F29-8557-7CE709D8142B, OS:26.0.1, name:iPad Pro 13-inch (M4) }
		{ platform:iOS Simulator, arch:arm64, id:9640651F-5072-40F0-A8C3-128489A61101, OS:26.1, name:iPad Pro 13-inch (M4) }
		{ platform:iOS Simulator, arch:arm64, id:78FFF19A-4D52-410A-9EA4-27B3E59BBBE4, OS:26.2, name:iPad Pro 13-inch (M4) }
		{ platform:iOS Simulator, arch:arm64, id:7D719339-50B7-43C6-9CF3-77F2EE1BFB18, OS:26.0.1, name:iPad Pro 13-inch (M5) }
		{ platform:iOS Simulator, arch:arm64, id:A708919D-1888-4791-BBFF-6FFD5645664C, OS:26.1, name:iPad Pro 13-inch (M5) }
		{ platform:iOS Simulator, arch:arm64, id:23A4F5D3-14EA-4AEB-ABEB-6C68FE6BF99C, OS:26.2, name:iPad Pro 13-inch (M5) }
		{ platform:iOS Simulator, arch:arm64, id:E903EE29-8693-44AE-930B-BDA760BF119A, OS:18.5, name:iPad mini (A17 Pro) }
		{ platform:iOS Simulator, arch:arm64, id:ECA58DC5-BC66-465D-8860-998078571BFF, OS:18.6, name:iPad mini (A17 Pro) }
		{ platform:iOS Simulator, arch:arm64, id:DE5535AB-4E42-4AE8-AD42-749F0D859B3D, OS:26.0.1, name:iPad mini (A17 Pro) }
		{ platform:iOS Simulator, arch:arm64, id:C3969180-FEC8-4DD6-9CD8-8A1931EC408D, OS:26.1, name:iPad mini (A17 Pro) }
		{ platform:iOS Simulator, arch:arm64, id:6326A4CF-B77D-42CD-8C84-2260E14287BE, OS:26.2, name:iPad mini (A17 Pro) }
		{ platform:iOS Simulator, arch:arm64, id:1BB38806-AA44-4C26-8547-1D3E8B811AB1, OS:18.5, name:iPhone 16 }
		{ platform:iOS Simulator, arch:arm64, id:4E3FE264-3028-4184-AFC5-1A75F97CFD1C, OS:18.6, name:iPhone 16 }
		{ platform:iOS Simulator, arch:arm64, id:54021D55-A724-4B99-83A1-F10E6CDD682A, OS:26.0.1, name:iPhone 16 }
		{ platform:iOS Simulator, arch:arm64, id:F4E186E0-B992-4D7D-9397-E6F38053F911, OS:26.1, name:iPhone 16 }
		{ platform:iOS Simulator, arch:arm64, id:4581F4AB-A341-4E83-A57D-6BC8D4AE5DBA, OS:26.2, name:iPhone 16 }
		{ platform:iOS Simulator, arch:arm64, id:BA867F4F-21AC-4DE1-94D9-06807C404279, OS:18.5, name:iPhone 16 Plus }
		{ platform:iOS Simulator, arch:arm64, id:5BC17D70-333F-4C07-A5FF-371967E7AC6D, OS:18.6, name:iPhone 16 Plus }
		{ platform:iOS Simulator, arch:arm64, id:17341502-7345-4A35-9140-7C80CAC49F32, OS:26.0.1, name:iPhone 16 Plus }
		{ platform:iOS Simulator, arch:arm64, id:D8722658-88A6-475F-8D8A-BC54CD50F419, OS:26.1, name:iPhone 16 Plus }
		{ platform:iOS Simulator, arch:arm64, id:8E2CCFCD-E5AF-49C7-8506-04E7F31B142C, OS:26.2, name:iPhone 16 Plus }
		{ platform:iOS Simulator, arch:arm64, id:E0086334-B2EA-4DFC-B84E-BE9F3A53EF95, OS:18.5, name:iPhone 16 Pro }
		{ platform:iOS Simulator, arch:arm64, id:8C8BD00F-8891-4618-B5F5-924FAC4C8E86, OS:18.6, name:iPhone 16 Pro }
		{ platform:iOS Simulator, arch:arm64, id:9B3C5020-2D3E-48A3-9AD4-CFA25C546F21, OS:26.0.1, name:iPhone 16 Pro }
		{ platform:iOS Simulator, arch:arm64, id:3681C3C0-15C2-4FF9-8741-74797EF1F7D8, OS:26.1, name:iPhone 16 Pro }
		{ platform:iOS Simulator, arch:arm64, id:B7463790-7F4D-446E-8FD5-FDAD6105140F, OS:26.2, name:iPhone 16 Pro }
		{ platform:iOS Simulator, arch:arm64, id:60E06299-0D57-459C-B661-8001490927CF, OS:18.5, name:iPhone 16 Pro Max }
		{ platform:iOS Simulator, arch:arm64, id:0EFEC266-06B2-450B-822F-6E071B709A6C, OS:18.6, name:iPhone 16 Pro Max }
		{ platform:iOS Simulator, arch:arm64, id:13612E90-9B4E-4A8A-AFCA-ADC0BA9CB0F5, OS:26.0.1, name:iPhone 16 Pro Max }
		{ platform:iOS Simulator, arch:arm64, id:D4468A89-9D58-4CE4-8327-C1A36B2838A3, OS:26.1, name:iPhone 16 Pro Max }
		{ platform:iOS Simulator, arch:arm64, id:91AADD31-BD47-430B-A9CB-ADA415413506, OS:26.2, name:iPhone 16 Pro Max }
		{ platform:iOS Simulator, arch:arm64, id:B5FEBE5C-0315-40D9-943F-0545005836CC, OS:18.5, name:iPhone 16e }
		{ platform:iOS Simulator, arch:arm64, id:1A3EA572-A7B0-46C9-BA52-0F2A7E07D9CB, OS:18.6, name:iPhone 16e }
		{ platform:iOS Simulator, arch:arm64, id:C23C65C7-DAD1-4777-BFAA-AE41F923294B, OS:26.0.1, name:iPhone 16e }
		{ platform:iOS Simulator, arch:arm64, id:DFA5298F-F0B7-4534-8E35-E20E348511C0, OS:26.1, name:iPhone 16e }
		{ platform:iOS Simulator, arch:arm64, id:1650307E-D74F-4E1A-802E-ADD933E70C56, OS:26.2, name:iPhone 16e }
		{ platform:iOS Simulator, arch:arm64, id:4C138E01-581B-40E9-B6B7-40BDC385E4B1, OS:26.0.1, name:iPhone 17 }
		{ platform:iOS Simulator, arch:arm64, id:CB8E7A45-15A4-4F69-BCE6-2D79F06F028E, OS:26.1, name:iPhone 17 }
		{ platform:iOS Simulator, arch:arm64, id:DFCB9A26-545F-405E-94EC-BEA9148D0344, OS:26.2, name:iPhone 17 }
		{ platform:iOS Simulator, arch:arm64, id:E396A2E9-2212-4721-9061-1ECCDD3F86C9, OS:26.0.1, name:iPhone 17 Pro }
		{ platform:iOS Simulator, arch:arm64, id:32E4328D-B3C4-4B3B-B361-806B7A94AE69, OS:26.1, name:iPhone 17 Pro }
		{ platform:iOS Simulator, arch:arm64, id:D0764F80-06F7-4457-BE8A-BFC365DC10D1, OS:26.2, name:iPhone 17 Pro }
		{ platform:iOS Simulator, arch:arm64, id:18240A18-8947-46CD-A3EE-8EAA18C37BFA, OS:26.0.1, name:iPhone 17 Pro Max }
		{ platform:iOS Simulator, arch:arm64, id:802C5CCA-4C07-4FEC-AB5E-66F0C72D8DC1, OS:26.1, name:iPhone 17 Pro Max }
		{ platform:iOS Simulator, arch:arm64, id:B3DB033B-5EF7-4F88-9EE8-6B92BFF07E46, OS:26.2, name:iPhone 17 Pro Max }
		{ platform:iOS Simulator, arch:arm64, id:8708E725-ADBE-41F0-8285-DEBA2AE8DF33, OS:26.0.1, name:iPhone Air }
		{ platform:iOS Simulator, arch:arm64, id:A6A37F01-E1BC-43DC-93E4-65204B85C447, OS:26.1, name:iPhone Air }
		{ platform:iOS Simulator, arch:arm64, id:D95C9A90-72FF-496F-90D4-5FBD64D4D8F4, OS:26.2, name:iPhone Air }
		{ platform:iOS Simulator, arch:arm64, id:91B2BBB3-82D3-45CD-A4F5-CD14A3856FDC, OS:18.5, name:iPhone SE (3rd generation) }
		{ platform:iOS Simulator, arch:arm64, id:E7ACE7D0-7544-4827-AA9E-3682608BB324, OS:18.6, name:iPhone SE (3rd generation) }
		{ platform:iOS Simulator, arch:arm64, id:9BE985DA-D3B6-466D-BFC7-582EECBA53AA, OS:26.0.1, name:iPhone SE (3rd generation) }
		{ platform:iOS Simulator, arch:arm64, id:C9AA05F8-597F-4212-8E71-A1278FB5CF74, OS:26.1, name:iPhone SE (3rd generation) }
		{ platform:iOS Simulator, arch:arm64, id:795BF2BC-287A-470A-A3CF-5FE6344460F9, OS:26.2, name:iPhone SE (3rd generation) }
